d:\vs\opengl\opengl\release\vc141.pdb
d:\vs\opengl\opengl\release\opengl.obj
d:\vs\opengl\opengl\release\openglapp.obj
d:\vs\opengl\opengl\release\item.obj
d:\vs\opengl\opengl\release\inventory.obj
d:\vs\opengl\opengl\release\id.obj
d:\vs\opengl\opengl\release\gameobject.obj
d:\vs\opengl\opengl\release\dynamicobject.obj
d:\vs\opengl\opengl\release\animation.obj
d:\vs\opengl\opengl\release\textcommand.obj
d:\vs\opengl\opengl\release\teleportcommand.obj
d:\vs\opengl\opengl\release\observer.obj
d:\vs\opengl\opengl\release\observable.obj
d:\vs\opengl\opengl\release\itemobserver.obj
d:\vs\opengl\opengl\release\interactcommand.obj
d:\vs\opengl\opengl\release\eventprocessor.obj
d:\vs\opengl\opengl\release\dialogcommand.obj
d:\vs\opengl\opengl\release\command.obj
d:\vs\opengl\opengl\release\tga.obj
d:\vs\opengl\opengl\release\bmp.obj
d:\vs\opengl\opengl\release\pointxyz.obj
d:\vs\opengl\opengl\release\zone.obj
d:\vs\opengl\opengl\release\player.obj
d:\vs\opengl\opengl\release\map.obj
d:\vs\opengl\opengl\release\teleport.obj
d:\vs\opengl\release\opengl.exe
d:\vs\opengl\release\opengl.pdb
d:\vs\opengl\release\opengl.ipdb
d:\vs\opengl\release\opengl.iobj
d:\vs\opengl\opengl\release\opengl.tlog\cl.command.1.tlog
d:\vs\opengl\opengl\release\opengl.tlog\cl.read.1.tlog
d:\vs\opengl\opengl\release\opengl.tlog\cl.write.1.tlog
d:\vs\opengl\opengl\release\opengl.tlog\link.command.1.tlog
d:\vs\opengl\opengl\release\opengl.tlog\link.read.1.tlog
d:\vs\opengl\opengl\release\opengl.tlog\link.write.1.tlog
d:\vs\opengl\opengl\release\opengl.tlog\opengl.write.1u.tlog
