  OpenGLApp.cpp
f:\vs\opengl\opengl\objects\id.h(11): warning C4067: unexpected tokens following preprocessor directive - expected a newline
f:\vs\opengl\opengl\objects\id.h(12): warning C4067: unexpected tokens following preprocessor directive - expected a newline
f:\vs\opengl\opengl\core\openglapp.cpp(109): warning C4018: '<': signed/unsigned mismatch
f:\vs\opengl\opengl\core\openglapp.cpp(112): warning C4390: ';': empty controlled statement found; is this the intent?
f:\vs\opengl\opengl\core\openglapp.cpp(125): warning C4244: 'argument': conversion from 'int' to 'GLfloat', possible loss of data
f:\vs\opengl\opengl\core\openglapp.cpp(131): warning C4244: 'argument': conversion from 'int' to 'GLfloat', possible loss of data
f:\vs\opengl\opengl\core\openglapp.cpp(133): warning C4018: '<': signed/unsigned mismatch
  Command.cpp
f:\vs\opengl\opengl\logic\command.cpp(21): warning C4150: deletion of pointer to incomplete type 'DynamicObject'; no destructor called
  f:\vs\opengl\opengl\logic\command.h(7): note: see declaration of 'DynamicObject'
  DialogCommand.cpp
f:\vs\opengl\opengl\objects\id.h(11): warning C4067: unexpected tokens following preprocessor directive - expected a newline
f:\vs\opengl\opengl\objects\id.h(12): warning C4067: unexpected tokens following preprocessor directive - expected a newline
f:\vs\opengl\opengl\logic\dialogcommand.cpp(63): warning C4018: '<': signed/unsigned mismatch
  EventProcessor.cpp
  InteractCommand.cpp
f:\vs\opengl\opengl\objects\id.h(11): warning C4067: unexpected tokens following preprocessor directive - expected a newline
f:\vs\opengl\opengl\objects\id.h(12): warning C4067: unexpected tokens following preprocessor directive - expected a newline
  ItemObserver.cpp
f:\vs\opengl\opengl\objects\id.h(11): warning C4067: unexpected tokens following preprocessor directive - expected a newline
f:\vs\opengl\opengl\objects\id.h(12): warning C4067: unexpected tokens following preprocessor directive - expected a newline
  PlayerTakeItemCommand.cpp
f:\vs\opengl\opengl\objects\id.h(11): warning C4067: unexpected tokens following preprocessor directive - expected a newline
f:\vs\opengl\opengl\objects\id.h(12): warning C4067: unexpected tokens following preprocessor directive - expected a newline
  RemoveObjectCommand.cpp
f:\vs\opengl\opengl\objects\id.h(11): warning C4067: unexpected tokens following preprocessor directive - expected a newline
f:\vs\opengl\opengl\objects\id.h(12): warning C4067: unexpected tokens following preprocessor directive - expected a newline
  TeleportCommand.cpp
f:\vs\opengl\opengl\objects\id.h(11): warning C4067: unexpected tokens following preprocessor directive - expected a newline
f:\vs\opengl\opengl\objects\id.h(12): warning C4067: unexpected tokens following preprocessor directive - expected a newline
  TextCommand.cpp
f:\vs\opengl\opengl\objects\id.h(11): warning C4067: unexpected tokens following preprocessor directive - expected a newline
f:\vs\opengl\opengl\objects\id.h(12): warning C4067: unexpected tokens following preprocessor directive - expected a newline
  GameObject.cpp
f:\vs\opengl\opengl\objects\id.h(11): warning C4067: unexpected tokens following preprocessor directive - expected a newline
f:\vs\opengl\opengl\objects\id.h(12): warning C4067: unexpected tokens following preprocessor directive - expected a newline
  ID.cpp
f:\vs\opengl\opengl\objects\id.h(11): warning C4067: unexpected tokens following preprocessor directive - expected a newline
f:\vs\opengl\opengl\objects\id.h(12): warning C4067: unexpected tokens following preprocessor directive - expected a newline
  Map.cpp
f:\vs\opengl\opengl\objects\id.h(11): warning C4067: unexpected tokens following preprocessor directive - expected a newline
f:\vs\opengl\opengl\objects\id.h(12): warning C4067: unexpected tokens following preprocessor directive - expected a newline
f:\vs\opengl\opengl\objects\map.cpp(34): warning C4244: 'initializing': conversion from 'double' to 'int', possible loss of data
f:\vs\opengl\opengl\objects\map.cpp(35): warning C4244: 'initializing': conversion from 'double' to 'int', possible loss of data
  Player.cpp
f:\vs\opengl\opengl\objects\id.h(11): warning C4067: unexpected tokens following preprocessor directive - expected a newline
f:\vs\opengl\opengl\objects\id.h(12): warning C4067: unexpected tokens following preprocessor directive - expected a newline
f:\vs\opengl\opengl\objects\player.cpp(174): warning C4244: '+=': conversion from 'float' to 'int', possible loss of data
f:\vs\opengl\opengl\objects\player.cpp(175): warning C4244: '+=': conversion from 'float' to 'int', possible loss of data
  Teleport.cpp
  Zone.cpp
f:\vs\opengl\opengl\objects\id.h(11): warning C4067: unexpected tokens following preprocessor directive - expected a newline
f:\vs\opengl\opengl\objects\id.h(12): warning C4067: unexpected tokens following preprocessor directive - expected a newline
  opengl.cpp
f:\vs\opengl\opengl\objects\id.h(11): warning C4067: unexpected tokens following preprocessor directive - expected a newline
f:\vs\opengl\opengl\objects\id.h(12): warning C4067: unexpected tokens following preprocessor directive - expected a newline
  Generating code
  117 of 1466 functions ( 8.0%) were compiled, the rest were copied from previous compilation.
    3 functions were new in current compilation
    26 functions had inline decision re-evaluated but remain unchanged
  Finished generating code
  Opengl.vcxproj -> F:\VS\Opengl\Release\Opengl.exe
