d:\vs\opengl\opengl\x64\debug\vc141.pdb
d:\vs\opengl\opengl\x64\debug\vc141.idb
d:\vs\opengl\opengl\x64\debug\bmp.obj
d:\vs\opengl\opengl\x64\debug\opengl.obj
d:\vs\opengl\opengl\x64\debug\zone.obj
d:\vs\opengl\opengl\x64\debug\teleport.obj
d:\vs\opengl\opengl\x64\debug\player.obj
d:\vs\opengl\opengl\x64\debug\gameobject.obj
d:\vs\opengl\opengl\x64\debug\map.obj
d:\vs\opengl\opengl\x64\debug\id.obj
d:\vs\opengl\opengl\x64\debug\dynamicobject.obj
d:\vs\opengl\opengl\x64\debug\textcommand.obj
d:\vs\opengl\opengl\x64\debug\teleportcommand.obj
d:\vs\opengl\opengl\x64\debug\interactcommand.obj
d:\vs\opengl\opengl\x64\debug\eventprocessor.obj
d:\vs\opengl\opengl\x64\debug\command.obj
d:\vs\opengl\opengl\x64\debug\pointxyz.obj
d:\vs\opengl\opengl\x64\debug\openglapp.obj
d:\vs\opengl\opengl\x64\debug\opengl.tlog\cl.command.1.tlog
d:\vs\opengl\opengl\x64\debug\opengl.tlog\cl.read.1.tlog
d:\vs\opengl\opengl\x64\debug\opengl.tlog\cl.write.1.tlog
d:\vs\opengl\opengl\x64\debug\opengl.tlog\link.command.1.tlog
d:\vs\opengl\opengl\x64\debug\opengl.tlog\link.read.1.tlog
d:\vs\opengl\opengl\x64\debug\opengl.tlog\link.write.1.tlog
