d:\vs\opengl\opengl\x64\release\vc141.pdb
d:\vs\opengl\opengl\x64\release\bmp.obj
d:\vs\opengl\opengl\x64\release\opengl.obj
d:\vs\opengl\opengl\x64\release\zone.obj
d:\vs\opengl\opengl\x64\release\teleport.obj
d:\vs\opengl\opengl\x64\release\player.obj
d:\vs\opengl\opengl\x64\release\gameobject.obj
d:\vs\opengl\opengl\x64\release\map.obj
d:\vs\opengl\opengl\x64\release\item.obj
d:\vs\opengl\opengl\x64\release\inventory.obj
d:\vs\opengl\opengl\x64\release\id.obj
d:\vs\opengl\opengl\x64\release\dynamicobject.obj
d:\vs\opengl\opengl\x64\release\textcommand.obj
d:\vs\opengl\opengl\x64\release\teleportcommand.obj
d:\vs\opengl\opengl\x64\release\interactcommand.obj
d:\vs\opengl\opengl\x64\release\eventprocessor.obj
d:\vs\opengl\opengl\x64\release\command.obj
d:\vs\opengl\opengl\x64\release\pointxyz.obj
d:\vs\opengl\opengl\x64\release\openglapp.obj
d:\vs\opengl\opengl\x64\release\tga.obj
d:\vs\opengl\opengl\x64\release\animation.obj
d:\vs\opengl\x64\release\opengl.exe
d:\vs\opengl\x64\release\opengl.pdb
d:\vs\opengl\x64\release\opengl.ipdb
d:\vs\opengl\x64\release\opengl.iobj
d:\vs\opengl\opengl\x64\release\opengl.tlog\cl.command.1.tlog
d:\vs\opengl\opengl\x64\release\opengl.tlog\cl.read.1.tlog
d:\vs\opengl\opengl\x64\release\opengl.tlog\cl.write.1.tlog
d:\vs\opengl\opengl\x64\release\opengl.tlog\link.command.1.tlog
d:\vs\opengl\opengl\x64\release\opengl.tlog\link.read.1.tlog
d:\vs\opengl\opengl\x64\release\opengl.tlog\link.write.1.tlog
d:\vs\opengl\opengl\x64\release\opengl.tlog\opengl.write.1u.tlog
